<?xml version="1.0" encoding="UTF-8"?>
<testng-results skipped="0" failed="0" ignored="0" total="1" passed="1">
  <reporter-output>
  </reporter-output>
  <suite name="Default suite" duration-ms="23562" started-at="2022-02-23T09:11:18 IST" finished-at="2022-02-23T09:11:41 IST">
    <groups>
    </groups>
    <test name="Default test" duration-ms="23562" started-at="2022-02-23T09:11:18 IST" finished-at="2022-02-23T09:11:41 IST">
      <class name="utilsRunner.MUFQuote">
        <test-method status="PASS" signature="testMUFQuote()[pri:0, instance:utilsRunner.MUFQuote@10dba097]" name="testMUFQuote" duration-ms="23527" started-at="2022-02-23T09:11:18 IST" finished-at="2022-02-23T09:11:41 IST">
          <reporter-output>
          </reporter-output>
        </test-method> <!-- testMUFQuote -->
      </class> <!-- utilsRunner.MUFQuote -->
    </test> <!-- Default test -->
  </suite> <!-- Default suite -->
</testng-results>
